C51 COMPILER V9.06   LCD                                                                   02/22/2015 15:14:34 PAGE 1   


C51 COMPILER V9.06, COMPILATION OF MODULE LCD
OBJECT MODULE PLACED IN ..\Proteus simulation\lcd.obj
COMPILER INVOKED BY: C:\Keil\C51\BIN\C51.EXE lcd.c BROWSE DEBUG OBJECTEXTEND OBJECT(..\Proteus simulation\lcd.obj)

line level    source

   1          #include <reg51.h>
   2          #include "lcd.h"
   3          #include "delay.h"
   4          
   5          void lcdcmd(char a)
   6          {
   7   1              LCDport &= 0x0F;
   8   1              LCDport |= (a & 0xF0);
   9   1              RS = 0;
  10   1              RW = 0;
  11   1              EN = 1;
  12   1              delay(10);
  13   1              EN = 0;
  14   1      
  15   1              LCDport &= 0x0F;
  16   1              LCDport |= ((a << 4) & 0xF0);
  17   1              RS = 0;
  18   1              RW = 0;
  19   1              EN = 1;
  20   1              delay(10);
  21   1              EN = 0;
  22   1      }
  23          
  24          void lcddata(char b)
  25          {
  26   1              LCDport &= 0x0F;
  27   1              LCDport |= (b & 0xF0);
  28   1              RS = 1;
  29   1              RW = 0;
  30   1              EN = 1;
  31   1              delay(10);
  32   1              EN = 0;
  33   1      
  34   1              LCDport &= 0x0F;
  35   1              LCDport |= ((b << 4) & 0xF0);
  36   1              RS = 1;
  37   1              RW = 0;
  38   1              EN = 1;
  39   1              delay(10);
  40   1              EN = 0;
  41   1      }
  42          
  43          void lcdbegin()
  44          {
  45   1              lcdcmd(0x02);
  46   1              delay(1);
  47   1              lcdcmd(0x28);
  48   1              delay(1);
  49   1              lcdcmd(0x0e);
  50   1              delay(1);
  51   1              lcdcmd(0x01);
  52   1              delay(1);
  53   1              lcdcmd(0x06);
  54   1              delay(1);
  55   1              lcdcmd(0x80);
C51 COMPILER V9.06   LCD                                                                   02/22/2015 15:14:34 PAGE 2   

  56   1              delay(1);
  57   1      }
  58          
  59          void lcdprint(char *buffer)
  60          {
  61   1              int i = 0;
  62   1              while(buffer[i] != '\0')
  63   1              {
  64   2                      lcddata(buffer[i]);
  65   2                      i++;
  66   2              }
  67   1      }


MODULE INFORMATION:   STATIC OVERLAYABLE
   CODE SIZE        =    219    ----
   CONSTANT SIZE    =   ----    ----
   XDATA SIZE       =   ----    ----
   PDATA SIZE       =   ----    ----
   DATA SIZE        =   ----       7
   IDATA SIZE       =   ----    ----
   BIT SIZE         =   ----    ----
END OF MODULE INFORMATION.


C51 COMPILATION COMPLETE.  0 WARNING(S),  0 ERROR(S)
