C51 COMPILER V9.06   LED8                                                                  04/02/2015 01:31:41 PAGE 1   


C51 COMPILER V9.06, COMPILATION OF MODULE LED8
OBJECT MODULE PLACED IN ..\Proteus simulation\led8.obj
COMPILER INVOKED BY: C:\Keil\C51\BIN\C51.EXE led8.c BROWSE DEBUG OBJECTEXTEND OBJECT(..\Proteus simulation\led8.obj)

line level    source

   1          #include <reg51.h>
   2          #include "delay.h"
   3          
   4          void main()
   5          {
   6   1              while(1)
   7   1              {
   8   2                      P1 = 0xFF;
   9   2                      delay(1000);
  10   2                      P1 = 0x00;
  11   2                      delay(1000);
  12   2              }
  13   1      }


MODULE INFORMATION:   STATIC OVERLAYABLE
   CODE SIZE        =     22    ----
   CONSTANT SIZE    =   ----    ----
   XDATA SIZE       =   ----    ----
   PDATA SIZE       =   ----    ----
   DATA SIZE        =   ----    ----
   IDATA SIZE       =   ----    ----
   BIT SIZE         =   ----    ----
END OF MODULE INFORMATION.


C51 COMPILATION COMPLETE.  0 WARNING(S),  0 ERROR(S)
