C51 COMPILER V9.06   KEYPAD_LED                                                            03/15/2015 00:05:23 PAGE 1   


C51 COMPILER V9.06, COMPILATION OF MODULE KEYPAD_LED
OBJECT MODULE PLACED IN ..\Proteus simulation\keypad_led.obj
COMPILER INVOKED BY: C:\Keil\C51\BIN\C51.EXE keypad_led.c BROWSE DEBUG OBJECTEXTEND OBJECT(..\Proteus simulation\keypad_
                    -led.obj)

line level    source

   1          #include <reg51.h>
   2          #include "keypad.h"
   3          #define LEDs P2
   4          int main(void)
   5          {
   6   1         char key;                // key char for keeping record of pressed key
   7   1      
   8   1         
   9   1         while(1)
  10   1         { 
  11   2           key = get_key();
  12   2               LEDs = key;
  13   2         }
  14   1      }


MODULE INFORMATION:   STATIC OVERLAYABLE
   CODE SIZE        =      7    ----
   CONSTANT SIZE    =   ----    ----
   XDATA SIZE       =   ----    ----
   PDATA SIZE       =   ----    ----
   DATA SIZE        =   ----    ----
   IDATA SIZE       =   ----    ----
   BIT SIZE         =   ----    ----
END OF MODULE INFORMATION.


C51 COMPILATION COMPLETE.  0 WARNING(S),  0 ERROR(S)
