C51 COMPILER V9.06   DELAY                                                                 04/20/2015 01:46:27 PAGE 1   


C51 COMPILER V9.06, COMPILATION OF MODULE DELAY
OBJECT MODULE PLACED IN delay.OBJ
COMPILER INVOKED BY: C:\Keil\C51\BIN\C51.EXE delay.c BROWSE DEBUG OBJECTEXTEND

line level    source

   1          #include <reg51.h>
   2          
   3          void delay(unsigned int time)
   4          {
   5   1              unsigned int i;
   6   1              TMOD = 0x21;
   7   1              for(i=0;i<time;i++)
   8   1              {
   9   2                      TH0 = 0xFC;
  10   2                      TL0 = 0x66;
  11   2                      TR0 = 1;
  12   2                      while(TF0 == 0);
  13   2                      TR0 = 0;
  14   2                      TF0 = 0;
  15   2              }
  16   1      }


MODULE INFORMATION:   STATIC OVERLAYABLE
   CODE SIZE        =     36    ----
   CONSTANT SIZE    =   ----    ----
   XDATA SIZE       =   ----    ----
   PDATA SIZE       =   ----    ----
   DATA SIZE        =   ----    ----
   IDATA SIZE       =   ----    ----
   BIT SIZE         =   ----    ----
END OF MODULE INFORMATION.


C51 COMPILATION COMPLETE.  0 WARNING(S),  0 ERROR(S)
