C51 COMPILER V9.06   MAIN                                                                  04/20/2015 01:46:27 PAGE 1   


C51 COMPILER V9.06, COMPILATION OF MODULE MAIN
OBJECT MODULE PLACED IN main.OBJ
COMPILER INVOKED BY: C:\Keil\C51\BIN\C51.EXE main.c BROWSE DEBUG OBJECTEXTEND

line level    source

   1          #include <reg51.h>
   2          #include "delay.h"
   3          
   4          sbit  Left  =  P1^0;
   5          sbit Right =  P1^1;
   6          
   7          sbit Light = P2^0;
   8          sbit Fan   = P2^1;
   9          
  10          int a = 0;
  11          int b =0;
  12          
  13          void main()
  14          {
  15   1              P1 = 0xFF;
  16   1              P2 = 0x00;
  17   1      
  18   1              while(1)
  19   1              {
  20   2                      if(Left == 0)
  21   2                      {
  22   3                              if(a == 0)
  23   3                              {
  24   4                                      Light = 1;
  25   4                                      delay(1000);
  26   4                                      a = 1;
  27   4                              }
  28   3                              
  29   3                              else if(a == 1)
  30   3                              {
  31   4                                      Light = 0;
  32   4                                      delay(1000);
  33   4                                      a = 0;
  34   4                              }
  35   3                      
  36   3      
  37   3                      }       
  38   2      
  39   2                      if(Right == 0)
  40   2                      {
  41   3                              if(b == 0)
  42   3                              {
  43   4                                      Fan = 1;
  44   4                                      delay(1000);
  45   4                                      b = 1;
  46   4                              }
  47   3                              
  48   3                              else if(b == 1)
  49   3                              {
  50   4                                      Fan = 0;
  51   4                                      delay(1000);
  52   4                                      b = 0;
  53   4                              }
  54   3                      
  55   3      
C51 COMPILER V9.06   MAIN                                                                  04/20/2015 01:46:27 PAGE 2   

  56   3                      }
  57   2              
  58   2              }       
  59   1      }
  60          


MODULE INFORMATION:   STATIC OVERLAYABLE
   CODE SIZE        =    104    ----
   CONSTANT SIZE    =   ----    ----
   XDATA SIZE       =   ----    ----
   PDATA SIZE       =   ----    ----
   DATA SIZE        =      4    ----
   IDATA SIZE       =   ----    ----
   BIT SIZE         =   ----    ----
END OF MODULE INFORMATION.


C51 COMPILATION COMPLETE.  0 WARNING(S),  0 ERROR(S)
