C51 COMPILER V9.06   LCD_DISPLAY                                                           02/26/2015 19:39:55 PAGE 1   


C51 COMPILER V9.06, COMPILATION OF MODULE LCD_DISPLAY
OBJECT MODULE PLACED IN ..\Proteus simulation\lcd_display.obj
COMPILER INVOKED BY: C:\Keil\C51\BIN\C51.EXE lcd_display.c BROWSE DEBUG OBJECTEXTEND OBJECT(..\Proteus simulation\lcd_di
                    -splay.obj)

line level    source

   1          #include <reg51.h>
   2          #include "lcd.h"
   3          #include "delay.h"
   4          
   5          void main()
   6          {
   7   1      
   8   1              lcdbegin();
   9   1              lcdsetCursor(4,0);
  10   1              lcdprint("Jignesh");
  11   1      
  12   1      //      lcdcmd(0xC0);
  13   1              lcdsetCursor(5,1);
  14   1              lcdprint("Patoliya");
  15   1              while(1);
  16   1      }


MODULE INFORMATION:   STATIC OVERLAYABLE
   CODE SIZE        =     37    ----
   CONSTANT SIZE    =     17    ----
   XDATA SIZE       =   ----    ----
   PDATA SIZE       =   ----    ----
   DATA SIZE        =   ----    ----
   IDATA SIZE       =   ----    ----
   BIT SIZE         =   ----    ----
END OF MODULE INFORMATION.


C51 COMPILATION COMPLETE.  0 WARNING(S),  0 ERROR(S)
