C51 COMPILER V9.06   LCD                                                                   04/14/2015 14:35:01 PAGE 1   


C51 COMPILER V9.06, COMPILATION OF MODULE LCD
OBJECT MODULE PLACED IN ..\Simulation\LCD.obj
COMPILER INVOKED BY: C:\Keil\C51\BIN\C51.EXE LCD.c BROWSE DEBUG OBJECTEXTEND OBJECT(..\Simulation\LCD.obj)

line level    source

   1          #include <reg51.h>
   2          #include "lcd.h"
   3          #include "delay.h"
   4          
   5          void lcdcmd(char a)
   6          {
   7   1              LCDport = a;
   8   1              RS = 0;
   9   1              RW = 0;
  10   1              EN = 1;
  11   1              delay(20);
  12   1              EN = 0;
  13   1      }
  14          
  15          void lcddata(char a)
  16          {
  17   1              LCDport = a;
  18   1              RS = 1;
  19   1              RW = 0;
  20   1              EN = 1;
  21   1              delay(50);
  22   1              EN = 0; 
  23   1      }
  24          
  25          void lcdbegin()
  26          {
  27   1              lcdcmd(0x02);
  28   1              delay(1);
  29   1      
  30   1              lcdcmd(0x03);
  31   1              delay(1);
  32   1              
  33   1              lcdcmd(0x38);
  34   1              delay(1);
  35   1              lcdcmd(0x0c);
  36   1              delay(1);
  37   1              lcdcmd(0x01);
  38   1              delay(1);
  39   1              lcdcmd(0x06);
  40   1              delay(1);
  41   1              lcdcmd(0x80);
  42   1              delay(1);
  43   1      }
  44          
  45          void lcdprint(char *buffer)
  46          {
  47   1              int i = 0;
  48   1              while(buffer[i] != '\0')
  49   1              {
  50   2                      lcddata(buffer[i]);
  51   2                      i++;
  52   2              }
  53   1      }
  54          
  55          //void lcdsetCursor(char col,char row)
C51 COMPILER V9.06   LCD                                                                   04/14/2015 14:35:01 PAGE 2   

  56          //{
  57          //      if(row == 0)
  58          //      {
  59          //              lcdcmd(0x80 + col);
  60          //      }
  61          //      else
  62          //      {
  63          //              lcdcmd(0xC1 + col);
  64          //      }
  65          //}
  66          
  67          void lcdclear()
  68          {
  69   1              lcdcmd(0x01);
  70   1              delay(100);
  71   1      }
  72          
  73          //void lcdwrite(unsigned int w)
  74          //{
  75          //      
  76          //      
  77          //      lcddata((w / 100) | 0x30);
  78          //      lcddata(((w % 100) / 10)  | 0x30);
  79          //      lcddata(((w % 100) % 10)  | 0x30);
  80          //
  81          //}


MODULE INFORMATION:   STATIC OVERLAYABLE
   CODE SIZE        =    175    ----
   CONSTANT SIZE    =   ----    ----
   XDATA SIZE       =   ----    ----
   PDATA SIZE       =   ----    ----
   DATA SIZE        =   ----       5
   IDATA SIZE       =   ----    ----
   BIT SIZE         =   ----    ----
END OF MODULE INFORMATION.


C51 COMPILATION COMPLETE.  0 WARNING(S),  0 ERROR(S)
