C51 COMPILER V9.06   MAIN                                                                  04/14/2015 14:35:00 PAGE 1   


C51 COMPILER V9.06, COMPILATION OF MODULE MAIN
OBJECT MODULE PLACED IN ..\Simulation\main.obj
COMPILER INVOKED BY: C:\Keil\C51\BIN\C51.EXE main.c BROWSE DEBUG OBJECTEXTEND OBJECT(..\Simulation\main.obj)

line level    source

   1          #include <reg51.h>
   2          #include "keypad.h"
   3          #include "delay.h"
   4          #include "LCD.h"
   5          #include "EEPROM.h"
   6          #include "I2C.h"
   7          
   8          sbit MP = P0^0;
   9          sbit MN = P0^1;
  10          sbit buzzer = P0^2;
  11          
  12          char len = 4;
  13          char count = 0,lock = 0;
  14          char userPassword[];
  15          char password[] = "123-"; 
  16          char Mpassword[] = "1111"; 
  17          char key;
  18          
  19          void extrer0(void) interrupt 0
  20          {
  21   1      
  22   1              
  23   1              lcdclear();
  24   1              lcdprint("set Pass:"); 
  25   1              count = 0;
  26   1                      while(1)
  27   1                      {
  28   2                  
  29   2                              key = get_key();
  30   2                      if(key)
  31   2                              {
  32   3           
  33   3                                      EEPROMWrite(count, key);//   
  34   3                              //      lcdcmd()                
  35   3      //                              lcdsetCursor(count, 1);
  36   3                              lcddata(key);
  37   3                              delay(300);  // Debounce Delay
  38   3                              count++;
  39   3                               }
  40   2                                      
  41   2                              if(count == len)
  42   2                      break;
  43   2                      }
  44   1      
  45   1                      password[0] = EEPROMRead(0);
  46   1                      password[1] = EEPROMRead(1);
  47   1                      password[2] = EEPROMRead(2);
  48   1                      password[3] = EEPROMRead(3);
  49   1                      
  50   1                      lcddata(password[0]);
  51   1                      lcddata(password[1]);
  52   1                      lcddata(password[2]);
  53   1                      lcddata(password[3]);
  54   1                      delay(2000);
  55   1                      lcdclear();
C51 COMPILER V9.06   MAIN                                                                  04/14/2015 14:35:00 PAGE 2   

  56   1                      count = 0;
  57   1                 lcdprint("Enter Pass:");
  58   1      }
  59          
  60          
  61          
  62          void main(void)
  63          {
  64   1         unsigned char p = 0;
  65   1         lcdbegin();
  66   1         lcdclear();
  67   1         //lcdsetCursor(0,0);
  68   1         lcdprint("Hello");
  69   1        // while(1);
  70   1              InitI2C();
  71   1          P1 = 0xF0;
  72   1              IE = 0x81;
  73   1         
  74   1              password[0] = EEPROMRead(0);
  75   1              password[1] = EEPROMRead(1);
  76   1              password[2] = EEPROMRead(2);
  77   1              password[3] = EEPROMRead(3);
  78   1         
  79   1        
  80   1      
  81   1      again:
  82   1          lcdclear();
  83   1              lcdprint("Enter Pass:"); 
  84   1              count = 0;
  85   1              p = 0;
  86   1              while(1)
  87   1              {
  88   2          
  89   2               key = get_key();
  90   2            if (key){
  91   3            userPassword[count] = key;
  92   3            //lcdsetCursor(count, 0);
  93   3            lcddata(key);
  94   3            delay(30);  // Debounce Delay
  95   3            count++;
  96   3          }
  97   2          if(count == len)
  98   2            break;
  99   2         }
 100   1        // delay(1000);
 101   1         count = 0;
 102   1      
 103   1         for(count = 0;count < len; count++)
 104   1         {
 105   2              if(userPassword[count] == password[count])
 106   2              {
 107   3                      p++;
 108   3              }
 109   2         }
 110   1      
 111   1        if(p == (len - 1))
 112   1        {
 113   2              lcdclear();
 114   2              lcdprint("Door is Open");
 115   2              MP = 1;
 116   2              MN = 0;
 117   2              delay(1000);
C51 COMPILER V9.06   MAIN                                                                  04/14/2015 14:35:00 PAGE 3   

 118   2              MP = 0;
 119   2              MN = 0;
 120   2              delay(3000);
 121   2              MP = 0;
 122   2              MN = 1;
 123   2              delay(1000);
 124   2              MP = 0;
 125   2              MN = 0;
 126   2      
 127   2              count = 0;
 128   2              goto again;
 129   2        }
 130   1        
 131   1        else
 132   1         {
 133   2                lcdclear();   
 134   2            lcdprint("Wrong password");
 135   2            delay(1000);
 136   2                lcdclear();
 137   2           // lock++;
 138   2            count = 0;                                   // reset the password checking flag
 139   2           
 140   2                if(lock<3)
 141   2            {
 142   3              lcdclear();
 143   3      
 144   3                      if(lock == 0)
 145   3                      {
 146   4                              lcdclear();
 147   4                              lcdprint("1st Trail over");
 148   4                      }
 149   3                      else if(lock == 1)
 150   3                      {
 151   4                              lcdclear();
 152   4                              lcdprint("2nd Trail over");
 153   4                      }
 154   3      
 155   3      
 156   3                      else if(lock == 2)
 157   3                      {
 158   4                              lcdclear();
 159   4                              lcdprint("Last Trail");
 160   4                      }
 161   3      
 162   3                      buzzer = 0;
 163   3                      delay(500);
 164   3                      buzzer = 1;
 165   3                      lock++;
 166   3                      count = 0;
 167   3                      goto again;
 168   3      
 169   3            }
 170   2            else
 171   2            {
 172   3              lcdclear();
 173   3              lcdprint("System is locked");
 174   3              delay(2000);
 175   3              lcdclear();
 176   3              lcdprint("Enter Master Key");
 177   3      //        lcdsetCursor(0,1);
 178   3                      lcdcmd(0xC1);
 179   3              lcdprint("To Unlock System!");
C51 COMPILER V9.06   MAIN                                                                  04/14/2015 14:35:00 PAGE 4   

 180   3              delay(2000);
 181   3              lcdclear();
 182   3              
 183   3                      again1:
 184   3               lcdclear();
 185   3               lcdprint("Enter M_Pass:");
 186   3               lcdcmd(0xc1);
 187   3               count = 0;
 188   3                      while(1)
 189   3                      {
 190   4          
 191   4                              char key = get_key();
 192   4                      if (key){
 193   5                       userPassword[count]=key;
 194   5      //               lcdsetCursor(count, 1);
 195   5                       lcddata(key);
 196   5                       delay(300);  // Debounce Delay
 197   5                       count++;
 198   5                      }
 199   4                      if(count == len)
 200   4                      break;
 201   4                }
 202   3       
 203   3              count = 0;
 204   3              p = 0;
 205   3              for(count = 0;count < len; count++)
 206   3              {
 207   4                      if(userPassword[count] == Mpassword[count])
 208   4                      {
 209   5                              p++;
 210   5                      }
 211   4              }
 212   3      
 213   3              if(p == (len - 1))
 214   3              {
 215   4                      lcdclear();
 216   4                      lcdprint("System Unlock");
 217   4                      count=0;
 218   4                      goto again;
 219   4              }
 220   3              else 
 221   3              {
 222   4          goto again1;
 223   4              }      
 224   3      
 225   3          delay(1000);
 226   3         
 227   3      }
 228   2      }
 229   1      }


MODULE INFORMATION:   STATIC OVERLAYABLE
   CODE SIZE        =    659    ----
   CONSTANT SIZE    =    177    ----
   XDATA SIZE       =   ----    ----
   PDATA SIZE       =   ----    ----
   DATA SIZE        =     14       2
   IDATA SIZE       =   ----    ----
   BIT SIZE         =   ----    ----
END OF MODULE INFORMATION.


C51 COMPILATION COMPLETE.  0 WARNING(S),  0 ERROR(S)
