C51 COMPILER V9.06   KEYPAD_7SEG                                                           03/15/2015 00:24:22 PAGE 1   


C51 COMPILER V9.06, COMPILATION OF MODULE KEYPAD_7SEG
OBJECT MODULE PLACED IN ..\Proteus simulation\Keypad_7seg.obj
COMPILER INVOKED BY: C:\Keil\C51\BIN\C51.EXE Keypad_7seg.c BROWSE DEBUG OBJECTEXTEND OBJECT(..\Proteus simulation\Keypad
                    -_7seg.obj)

line level    source

   1          #include <reg51.h>
   2          #include "keypad.h"
   3          #define LEDs P2
   4          int main(void)
   5          {
   6   1         char key;                // key char for keeping record of pressed key
   7   1      
   8   1         
   9   1         while(1)
  10   1         { 
  11   2           key = get_key();
  12   2               LEDs = key;
  13   2         }
  14   1      }


MODULE INFORMATION:   STATIC OVERLAYABLE
   CODE SIZE        =      7    ----
   CONSTANT SIZE    =   ----    ----
   XDATA SIZE       =   ----    ----
   PDATA SIZE       =   ----    ----
   DATA SIZE        =   ----    ----
   IDATA SIZE       =   ----    ----
   BIT SIZE         =   ----    ----
END OF MODULE INFORMATION.


C51 COMPILATION COMPLETE.  0 WARNING(S),  0 ERROR(S)
