C51 COMPILER V9.06   SAW_TOOTH                                                             03/09/2015 13:24:02 PAGE 1   


C51 COMPILER V9.06, COMPILATION OF MODULE SAW_TOOTH
OBJECT MODULE PLACED IN Saw_Tooth.OBJ
COMPILER INVOKED BY: C:\Keil\C51\BIN\C51.EXE Saw_Tooth.c BROWSE DEBUG OBJECTEXTEND TABS(2)

line level    source

   1          //************************************//
   2          
   3          //NAME:   
   4          //TITLE:  GEERATE SAW TOOTH WAVE.
   5          //DATE:   19/01/2014
   6          
   7          
   8          //***********************************//
   9          
  10          //***********START****************//
  11          
  12          #include <reg51.h>
  13          #include "delay.h"
  14          
  15          
  16          
  17          //********MAIN PROGRAM***********//
  18          
  19          void main()
  20          {
  21   1        P2 = 0x00;
  22   1      
  23   1        while(1)
  24   1        {
  25   2          P2++;
  26   2          delay(10);
  27   2        
  28   2        }
  29   1      }
  30          
  31          
  32          //********START***********//


MODULE INFORMATION:   STATIC OVERLAYABLE
   CODE SIZE        =     14    ----
   CONSTANT SIZE    =   ----    ----
   XDATA SIZE       =   ----    ----
   PDATA SIZE       =   ----    ----
   DATA SIZE        =   ----    ----
   IDATA SIZE       =   ----    ----
   BIT SIZE         =   ----    ----
END OF MODULE INFORMATION.


C51 COMPILATION COMPLETE.  0 WARNING(S),  0 ERROR(S)
