C51 COMPILER V9.06   TRIANGULAR_WAVE                                                       03/09/2015 21:05:05 PAGE 1   


C51 COMPILER V9.06, COMPILATION OF MODULE TRIANGULAR_WAVE
OBJECT MODULE PLACED IN ..\Proteus Simulation\Triangular_wave.obj
COMPILER INVOKED BY: C:\Keil\C51\BIN\C51.EXE Triangular_wave.c BROWSE DEBUG OBJECTEXTEND TABS(2) OBJECT(..\Proteus Simul
                    -ation\Triangular_wave.obj)

line level    source

   1          //************************************//
   2          
   3          //NAME:   
   4          //TITLE:  GEERATE TRIANGULAR WAVE.
   5          //DATE:   19/01/2014
   6          
   7          
   8          //***********************************//
   9          
  10          //***********START****************//
  11          
  12          #include <reg51.h>
  13          #include "delay.h"
  14          
  15          
  16          
  17          //********MAIN PROGRAM***********//
  18          
  19          void main()
  20          {
  21   1        unsigned char z; 
  22   1        while(1)
  23   1        {
  24   2          for(z=0;z<255;z++)
  25   2          {
  26   3            P2 = z;
  27   3            delay(10);
  28   3          }
  29   2      
  30   2          for(z=255;z>0;z--)
  31   2          {
  32   3            P2 = z;
  33   3            delay(10);
  34   3          } 
  35   2        }
  36   1      }
  37          
  38          
  39          //********START***********//


MODULE INFORMATION:   STATIC OVERLAYABLE
   CODE SIZE        =     46    ----
   CONSTANT SIZE    =   ----    ----
   XDATA SIZE       =   ----    ----
   PDATA SIZE       =   ----    ----
   DATA SIZE        =   ----       1
   IDATA SIZE       =   ----    ----
   BIT SIZE         =   ----    ----
END OF MODULE INFORMATION.


C51 COMPILATION COMPLETE.  0 WARNING(S),  0 ERROR(S)
