C51 COMPILER V9.06   BUZZER                                                                02/21/2015 17:52:32 PAGE 1   


C51 COMPILER V9.06, COMPILATION OF MODULE BUZZER
OBJECT MODULE PLACED IN ..\Proteus simulation\buzzer.obj
COMPILER INVOKED BY: C:\Keil\C51\BIN\C51.EXE buzzer.c BROWSE DEBUG OBJECTEXTEND OBJECT(..\Proteus simulation\buzzer.obj)

line level    source

   1          #include <reg51.h>
   2          #include "delay.h>
   3          
   4          sbit buzzer = P1^0;
   5          
   6          void main()
   7          {
   8   1              while(1)
   9   1              {
  10   2                      buzzer = 1;
  11   2                      delay(1000);
  12   2                      buzzer = 0;
  13   2                      delay(1000);
  14   2              }
  15   1      }


MODULE INFORMATION:   STATIC OVERLAYABLE
   CODE SIZE        =     20    ----
   CONSTANT SIZE    =   ----    ----
   XDATA SIZE       =   ----    ----
   PDATA SIZE       =   ----    ----
   DATA SIZE        =   ----    ----
   IDATA SIZE       =   ----    ----
   BIT SIZE         =   ----    ----
END OF MODULE INFORMATION.


C51 COMPILATION COMPLETE.  0 WARNING(S),  0 ERROR(S)
