C51 COMPILER V9.06   STAIR_CASE                                                            03/09/2015 17:24:35 PAGE 1   


C51 COMPILER V9.06, COMPILATION OF MODULE STAIR_CASE
OBJECT MODULE PLACED IN ..\Proteus Simulation\Stair_Case.obj
COMPILER INVOKED BY: C:\Keil\C51\BIN\C51.EXE Stair_Case.c BROWSE DEBUG OBJECTEXTEND TABS(2) OBJECT(..\Proteus Simulation
                    -\Stair_Case.obj)

line level    source

   1          //************************************//
   2          
   3          //NAME:   
   4          //TITLE:  GENERATE STAIR CASE WAVE.
   5          //DATE:   19/01/2014
   6          
   7          
   8          //***********************************//
   9          
  10          //***********START****************//
  11          
  12          #include <reg51.h>
  13          #include "delay.h"
  14          
  15          
  16          //********MAIN PROGRAM***********//
  17          
  18          void main()
  19          {
  20   1        unsigned char z; 
  21   1        while(1)
  22   1        {
  23   2          for(z=0;z<255;z+=51)
  24   2          {
  25   3            P2 = z;
  26   3            delay(10);
  27   3          }
  28   2      
  29   2          for(z=255;z>0;z-=51)
  30   2          {
  31   3            P2 = z;
  32   3            delay(10);
  33   3          } 
  34   2        }
  35   1      }
  36          
  37          
  38          //********START***********//


MODULE INFORMATION:   STATIC OVERLAYABLE
   CODE SIZE        =     56    ----
   CONSTANT SIZE    =   ----    ----
   XDATA SIZE       =   ----    ----
   PDATA SIZE       =   ----    ----
   DATA SIZE        =   ----       1
   IDATA SIZE       =   ----    ----
   BIT SIZE         =   ----    ----
END OF MODULE INFORMATION.


C51 COMPILATION COMPLETE.  0 WARNING(S),  0 ERROR(S)
