C51 COMPILER V9.06   REVERSEPROTECTION                                                     04/13/2015 22:59:08 PAGE 1   


C51 COMPILER V9.06, COMPILATION OF MODULE REVERSEPROTECTION
OBJECT MODULE PLACED IN ..\Proteus simulation\ReverseProtection.obj
COMPILER INVOKED BY: C:\Keil\C51\BIN\C51.EXE ReverseProtection.c BROWSE DEBUG OBJECTEXTEND OBJECT(..\Proteus simulation\
                    -ReverseProtection.obj)

line level    source

   1          //************************************//
   2          //Reverse Current Protection
   3          
   4          //***********************************//
   5          
   6          //***********START****************//
   7          
   8          #include<reg51.h>
   9          #include "adc804.h"
  10          #include "delay.h"
  11          #include "lcd.h"
  12          
  13          
  14          void setvalue(void);
  15          
  16          sbit inc = P0^0;
  17          sbit dec = P0^1;
  18          sbit OK = P0^2;
  19          sbit buzzer = P0^3;
  20          sbit LED = P0^4;
  21          sbit RELAY = P0^5;
  22          
  23          unsigned char Dout;
  24          unsigned int g = 25 ;
  25          
  26          
  27          //************MAIN PROGRAM***********//
  28          
  29          void main()
  30          {               
  31   1              int i;
  32   1              RELAY = 0;
  33   1          buzzer = 0;
  34   1              LED = 0;
  35   1              adcInit();
  36   1              lcdbegin();
  37   1              lcdclear();
  38   1              setvalue();
  39   1              lcdclear();
  40   1      //      lcdprint("CTValue : ");
  41   1              RELAY = 0;
  42   1              while(1)
  43   1              {
  44   2                      Dout = analogRead();
  45   2              //      lcdsetCursor(10,0);
  46   2              //      lcdwrite(Dout);
  47   2                      
  48   2                      if(Dout > g)
  49   2                      {
  50   3                       //   lcdclear();
  51   3                              lcdsetCursor(0,0);
  52   3                              lcdprint("Reverse Power");
  53   3                              for(i=0;i<10;i++)
  54   3                              {
C51 COMPILER V9.06   REVERSEPROTECTION                                                     04/13/2015 22:59:08 PAGE 2   

  55   4                                      buzzer = 1;
  56   4                                      LED = 1;
  57   4                                      delay(500);
  58   4                                      
  59   4                                      buzzer = 0;
  60   4                                      LED = 0;
  61   4                                      delay(500); 
  62   4                              }
  63   3                              RELAY = 1;
  64   3                      }
  65   2      
  66   2                      else
  67   2                      {
  68   3                              RELAY = 0;
  69   3                              delay(100);
  70   3                      //      lcdclear();
  71   3                              lcdsetCursor(0,0);
  72   3                              lcdprint("Forward Power");
  73   3                      }
  74   2      
  75   2                      delay(5000);
  76   2      
  77   2              
  78   2              }
  79   1      
  80   1      }
  81          
  82          //**************STOP**************//
  83          
  84          void setvalue()
  85          {
  86   1              inc = 1;
  87   1              dec = 1;
  88   1              OK = 1;
  89   1      
  90   1              lcdsetCursor(0,0);
  91   1              delay(1);
  92   1              lcdprint("Set limit:");
  93   1              while(1)
  94   1              {
  95   2                      if(inc == 0)
  96   2                      {
  97   3                              g = g+1;
  98   3                              delay(200);
  99   3                      }
 100   2                      if(dec == 0)
 101   2                      {
 102   3                              g = g-1;
 103   3                              delay(200);
 104   3                      }
 105   2                      if(OK == 0)
 106   2                      {
 107   3                              goto start;
 108   3                      }
 109   2      
 110   2                      lcdsetCursor(12,0);
 111   2                      lcdwrite(g);
 112   2                      
 113   2              }
 114   1              
 115   1      start:
 116   1              lcdclear();
C51 COMPILER V9.06   REVERSEPROTECTION                                                     04/13/2015 22:59:08 PAGE 3   

 117   1              lcdprint("Welcome");
 118   1      
 119   1      }       


MODULE INFORMATION:   STATIC OVERLAYABLE
   CODE SIZE        =    230    ----
   CONSTANT SIZE    =     47    ----
   XDATA SIZE       =   ----    ----
   PDATA SIZE       =   ----    ----
   DATA SIZE        =      3       2
   IDATA SIZE       =   ----    ----
   BIT SIZE         =   ----    ----
END OF MODULE INFORMATION.


C51 COMPILATION COMPLETE.  0 WARNING(S),  0 ERROR(S)
