C51 COMPILER V9.06   ADC804                                                                04/14/2015 18:11:14 PAGE 1   


C51 COMPILER V9.06, COMPILATION OF MODULE ADC804
OBJECT MODULE PLACED IN ..\Proteus simulation\adc804.obj
COMPILER INVOKED BY: C:\Keil\C51\BIN\C51.EXE adc804.c BROWSE DEBUG OBJECTEXTEND OBJECT(..\Proteus simulation\adc804.obj)

line level    source

   1          #include<reg51.h>
   2          #include "adc804.h"
   3          
   4          void adcInit()
   5          {
   6   1              DATAPORT = 0xFF;
   7   1              INTR = 1;
   8   1              WRITE = 1;
   9   1              READ = 1;
  10   1      }
  11          
  12          unsigned char analogRead(void)
  13          {
  14   1              READ = 1;
  15   1              WRITE = 0;                                              //start of conversion;
  16   1              WRITE = 1;
  17   1              while(INTR == 1);                               //wait for conversion,when conversion complate,INTR low; 
  18   1              READ = 0;                                               //start to read data;
  19   1      
  20   1              return DATAPORT;
  21   1      }


MODULE INFORMATION:   STATIC OVERLAYABLE
   CODE SIZE        =     24    ----
   CONSTANT SIZE    =   ----    ----
   XDATA SIZE       =   ----    ----
   PDATA SIZE       =   ----    ----
   DATA SIZE        =   ----    ----
   IDATA SIZE       =   ----    ----
   BIT SIZE         =   ----    ----
END OF MODULE INFORMATION.


C51 COMPILATION COMPLETE.  0 WARNING(S),  0 ERROR(S)
