C51 COMPILER V9.06   LCD                                                                   04/14/2015 18:11:14 PAGE 1   


C51 COMPILER V9.06, COMPILATION OF MODULE LCD
OBJECT MODULE PLACED IN ..\Proteus simulation\lcd.obj
COMPILER INVOKED BY: C:\Keil\C51\BIN\C51.EXE lcd.c BROWSE DEBUG OBJECTEXTEND OBJECT(..\Proteus simulation\lcd.obj)

line level    source

   1          #include <reg51.h>
   2          #include "lcd.h"
   3          #include "delay.h"
   4          
   5          void lcdcmd(char a)
   6          {
   7   1              LCDport = a;
   8   1              RS = 0;
   9   1              RW = 0;
  10   1              EN = 1;
  11   1              delay(10);
  12   1              EN = 0;
  13   1      }
  14          
  15          void lcddata(char a)
  16          {
  17   1              LCDport = a;
  18   1              RS = 1;
  19   1              RW = 0;
  20   1              EN = 1;
  21   1              delay(10);
  22   1              EN = 0; 
  23   1      }
  24          
  25          void lcdbegin()
  26          {
  27   1              lcdcmd(0x38);
  28   1              delay(1);
  29   1              lcdcmd(0x0c);
  30   1              delay(1);
  31   1              lcdcmd(0x01);
  32   1              delay(1);
  33   1              lcdcmd(0x06);
  34   1              delay(1);
  35   1              lcdcmd(0x80);
  36   1              delay(1);
  37   1      }
  38          
  39          void lcdprint(char *buffer)
  40          {
  41   1              int i = 0;
  42   1              while(buffer[i] != '\0')
  43   1              {
  44   2                      lcddata(buffer[i]);
  45   2                      i++;
  46   2              }
  47   1      }
  48          
  49          void lcdsetCursor(char col,char row)
  50          {
  51   1              if(row == 0)
  52   1              {
  53   2                      lcdcmd(0x80 + col);
  54   2              }
  55   1              else
C51 COMPILER V9.06   LCD                                                                   04/14/2015 18:11:14 PAGE 2   

  56   1              {
  57   2                      lcdcmd(0xC0 + col);
  58   2              }
  59   1      }
  60          
  61          void lcdclear()
  62          {
  63   1              lcdcmd(0x01);
  64   1              delay(1);
  65   1      }
  66          
  67          void lcdwrite(unsigned int w)
  68          {
  69   1              
  70   1              
  71   1              lcddata((w / 100) | 0x30);
  72   1              lcddata(((w % 100) / 10)  | 0x30);
  73   1              lcddata(((w % 100) % 10)  | 0x30);
  74   1      
  75   1      }


MODULE INFORMATION:   STATIC OVERLAYABLE
   CODE SIZE        =    244    ----
   CONSTANT SIZE    =   ----    ----
   XDATA SIZE       =   ----    ----
   PDATA SIZE       =   ----    ----
   DATA SIZE        =   ----       8
   IDATA SIZE       =   ----    ----
   BIT SIZE         =   ----    ----
END OF MODULE INFORMATION.


C51 COMPILATION COMPLETE.  0 WARNING(S),  0 ERROR(S)
