C51 COMPILER V9.06   LM35_LCD                                                              04/14/2015 18:11:14 PAGE 1   


C51 COMPILER V9.06, COMPILATION OF MODULE LM35_LCD
OBJECT MODULE PLACED IN ..\Proteus simulation\LM35_LCD.obj
COMPILER INVOKED BY: C:\Keil\C51\BIN\C51.EXE LM35_LCD.c BROWSE DEBUG OBJECTEXTEND OBJECT(..\Proteus simulation\LM35_LCD.
                    -obj)

line level    source

   1          //************************************//
   2          
   3          //NAME:   Jignesh Patoliya.
   4          //TITLE:  READ THE VALUE OF LM35 TEMPERATURE SENSOR AND DISPLAY ON LED
   5          //DATE:   07/03/2015
   6          
   7          //***********************************//
   8          
   9          //***********START****************//
  10          
  11          #include<reg51.h>
  12          #include "adc804.h"
  13          #include "delay.h"
  14          #include "lcd.h"
  15          
  16          #define LED P1 
  17          
  18          unsigned char Dout;
  19          
  20          //************MAIN PROGRAM***********//
  21          
  22          void main()
  23          {               
  24   1              adcInit();
  25   1              lcdbegin();
  26   1              lcdclear();
  27   1              lcdsetCursor(0,0);
  28   1              lcdprint("Temp. = ");
  29   1              while(1)
  30   1              {
  31   2                      Dout = (analogRead()) * 2;
  32   2                      lcdsetCursor(8,0);
  33   2                      lcdwrite(Dout);
  34   2                      delay(1000);
  35   2              }
  36   1      
  37   1      }
  38          
  39          //**************STOP**************//
  40          
  41                  


MODULE INFORMATION:   STATIC OVERLAYABLE
   CODE SIZE        =     55    ----
   CONSTANT SIZE    =      9    ----
   XDATA SIZE       =   ----    ----
   PDATA SIZE       =   ----    ----
   DATA SIZE        =      1    ----
   IDATA SIZE       =   ----    ----
   BIT SIZE         =   ----    ----
END OF MODULE INFORMATION.


C51 COMPILATION COMPLETE.  0 WARNING(S),  0 ERROR(S)
