C51 COMPILER V9.06   ADC0808_7SEGMENT                                                      03/15/2015 18:14:38 PAGE 1   


C51 COMPILER V9.06, COMPILATION OF MODULE ADC0808_7SEGMENT
OBJECT MODULE PLACED IN ..\Proteus simulation\ADC0808_7segment.obj
COMPILER INVOKED BY: C:\Keil\C51\BIN\C51.EXE ADC0808_7segment.c BROWSE DEBUG OBJECTEXTEND OBJECT(..\Proteus simulation\A
                    -DC0808_7segment.obj)

line level    source

   1          #include <reg51.h>
   2          #include "delay.h"
   3          #include "ADC0808.h"
   4          
   5          #define Seg_port P1
   6          
   7          void display_7segment(unsigned char);
   8          
   9          sbit E1 = P3^5;
  10          sbit E2 = P3^6;
  11          sbit E3 = P3^7;
  12          
  13          char num[] = {0xC0,0xF9,0xA4,0xB0,0x99,0x92,0x82,0xF8,0x80,0x90  };
  14          
  15          // Main function
  16          void main()
  17          {
  18   1              unsigned char Dout = 0;         // To capture ADC value
  19   1              
  20   1      
  21   1              ADCbegin();                                                     // Initialize ADC
  22   1              delay(1);
  23   1      
  24   1              while(1)
  25   1              {
  26   2                      Dout = analogRead(A1);          // Read ADC value from Channel 1
  27   2      
  28   2                      display_7segment(Dout);
  29   2      
  30   2              //      delay(1000);                                                                                             // Delay of one second
  31   2              }
  32   1      }
  33          
  34          void display_7segment(unsigned char i)
  35          {
  36   1              
  37   1              E1 = 1;
  38   1              Seg_port = num[i / 100];
  39   1              delay(1);
  40   1              E1 = 0;
  41   1      
  42   1              E2 = 1;
  43   1              Seg_port = num[(i % 100) / 10];
  44   1              delay(1);
  45   1              E2 = 0;
  46   1      
  47   1              E3 = 1;
  48   1              Seg_port = num[(i % 100) % 10];
  49   1              delay(1);
  50   1              E3 = 0;
  51   1      }


MODULE INFORMATION:   STATIC OVERLAYABLE
C51 COMPILER V9.06   ADC0808_7SEGMENT                                                      03/15/2015 18:14:38 PAGE 2   

   CODE SIZE        =    111    ----
   CONSTANT SIZE    =   ----    ----
   XDATA SIZE       =   ----    ----
   PDATA SIZE       =   ----    ----
   DATA SIZE        =     10       2
   IDATA SIZE       =   ----    ----
   BIT SIZE         =   ----    ----
END OF MODULE INFORMATION.


C51 COMPILATION COMPLETE.  0 WARNING(S),  0 ERROR(S)
