C51 COMPILER V9.06   DCMOTOR                                                               02/21/2015 17:45:48 PAGE 1   


C51 COMPILER V9.06, COMPILATION OF MODULE DCMOTOR
OBJECT MODULE PLACED IN ..\Proteus simulation\dcmotor.obj
COMPILER INVOKED BY: C:\Keil\C51\BIN\C51.EXE dcmotor.c BROWSE DEBUG OBJECTEXTEND OBJECT(..\Proteus simulation\dcmotor.ob
                    -j)

line level    source

   1          #include <reg51.h>
   2          #include "delay.h"
   3          
   4          sbit MP = P1^0;
   5          sbit MN = P1^1;
   6          
   7          void main()
   8          {
   9   1              while(1)
  10   1              {
  11   2                      MP = 1;
  12   2                      MN = 0;
  13   2      
  14   2                      delay(3000);
  15   2      
  16   2                      MP = 0;
  17   2                      MN = 1;
  18   2      
  19   2                      delay(3000);
  20   2      
  21   2              }
  22   1      }


MODULE INFORMATION:   STATIC OVERLAYABLE
   CODE SIZE        =     24    ----
   CONSTANT SIZE    =   ----    ----
   XDATA SIZE       =   ----    ----
   PDATA SIZE       =   ----    ----
   DATA SIZE        =   ----    ----
   IDATA SIZE       =   ----    ----
   BIT SIZE         =   ----    ----
END OF MODULE INFORMATION.


C51 COMPILATION COMPLETE.  0 WARNING(S),  0 ERROR(S)
